/scale/cal/opt/cadence/XCELIUM1903/tools.lnx86/inca/bin/64bit/xmsim
Obtained 38 stack frames.
/scale/cal/opt/cadence/XCELIUM1903/tools.lnx86/inca/bin/64bit/../../../lib/64bit/libcbreakpad.so(_Z13use_backtracev+0x9d) [0x7f223b5492b9]
/scale/cal/opt/cadence/XCELIUM1903/tools.lnx86/inca/bin/64bit/../../../lib/64bit/libcbreakpad.so(cbpad_generate_dump_on_demand+0x66) [0x7f223b54960c]
xmsim() [0x14ed958]
xmsim(serror+0x95) [0x14eef25]
xmsim() [0x14d574a]
/lib/x86_64-linux-gnu/libpthread.so.0(+0x11390) [0x7f223c600390]
xmsim() [0x4ac556]
xmsim() [0x14d4b49]
xmsim() [0x14d56d3]
/lib/x86_64-linux-gnu/libpthread.so.0(+0x11390) [0x7f223c600390]
/lib/x86_64-linux-gnu/libc.so.6(__select+0x13) [0x7f223b87d5b3]
xmsim() [0x19f4b9a]
xmsim() [0x1977e60]
xmsim() [0x197821c]
xmsim() [0x1980d42]
xmsim() [0x19817c5]
xmsim() [0x1981a94]
xmsim() [0x199ed79]
xmsim() [0x19a034d]
xmsim() [0x199974c]
xmsim() [0x19998a9]
xmsim() [0x1996c0c]
xmsim() [0x1997a94]
xmsim() [0x19a91e7]
xmsim() [0x19a9685]
xmsim() [0x1a230e2]
xmsim() [0x1131390]
xmsim() [0x49854c]
xmsim() [0x49924e]
xmsim() [0x4970a8]
xmsim() [0x497214]
xmsim() [0x497df1]
xmsim() [0x499f69]
xmsim() [0x4a4d08]
xmsim(ncmain+0x9c) [0x49d820]
xmsim(main+0x10) [0x1c9cefc]
/lib/x86_64-linux-gnu/libc.so.6(__libc_start_main+0xf0) [0x7f223b7a0830]
xmsim() [0x43ca6d]
