/scale/cal/opt/cadence/XCELIUM1903/tools.lnx86/inca/bin/64bit/xmsim
Obtained 26 stack frames.
/scale/cal/opt/cadence/XCELIUM1903/tools.lnx86/inca/bin/64bit/../../../lib/64bit/libcbreakpad.so(_Z13use_backtracev+0x9d) [0x7f33ed0872b9]
/scale/cal/opt/cadence/XCELIUM1903/tools.lnx86/inca/bin/64bit/../../../lib/64bit/libcbreakpad.so(cbpad_generate_dump_on_demand+0x66) [0x7f33ed08760c]
xmsim() [0x14ed958]
xmsim(serror+0x95) [0x14eef25]
xmsim() [0x14d574a]
/lib/x86_64-linux-gnu/libpthread.so.0(+0x11390) [0x7f33ee13e390]
xmsim() [0x4ac556]
xmsim() [0x14d4b49]
xmsim() [0x14d56d3]
/lib/x86_64-linux-gnu/libpthread.so.0(+0x11390) [0x7f33ee13e390]
/lib/x86_64-linux-gnu/libc.so.6(+0x8f2d9) [0x7f33ed34d2d9]
xmsim() [0x199261f]
xmsim() [0x198ddd3]
xmsim() [0x19a08b9]
xmsim() [0x19c24a4]
xmsim() [0x19c2d5c]
xmsim() [0x19c47b2]
xmsim() [0x19b3ba6]
xmsim() [0x1a22bf8]
xmsim() [0x113134b]
xmsim() [0x499e02]
xmsim() [0x4a4d08]
xmsim(ncmain+0x9c) [0x49d820]
xmsim(main+0x10) [0x1c9cefc]
/lib/x86_64-linux-gnu/libc.so.6(__libc_start_main+0xf0) [0x7f33ed2de830]
xmsim() [0x43ca6d]
